<?xml version="1.0" encoding="UTF-8"?>
<!-- Generated by org.testng.reporters.JUnitReportReporter -->
<testsuite hostname="seema97" failures="0" tests="4" name="e_Com.tests.LoginTest" time="13.602" errors="0" timestamp="2025-01-28T19:48:05 IST" skipped="1">
  <testcase classname="e_Com.tests.LoginTest" name="wrongemailpassverifyerrormsg" time="4.410"/>
  <system-out/>
  <testcase classname="e_Com.tests.LoginTest" name="correctemailwrongpass" time="4.828"/>
  <system-out/>
  <testcase classname="e_Com.tests.LoginTest" name="wrongemailcorrectpass" time="4.364"/>
  <system-out/>
  <testcase classname="e_Com.tests.LoginTest" name="verifylogingusingcorrectemailpass" time="0.000">
    <skipped/>
  </testcase> <!-- verifylogingusingcorrectemailpass -->
  <system-out/>
</testsuite> <!-- e_Com.tests.LoginTest -->
