<?xml version="1.0" encoding="UTF-8"?>
<!-- Generated by org.testng.reporters.JUnitReportReporter -->
<testsuite hostname="seema97" failures="0" tests="3" name="e_Com.tests.RegisterTest" time="25.230" errors="0" timestamp="2025-01-28T19:48:05 IST" skipped="0">
  <testcase classname="e_Com.tests.RegisterTest" name="verifyregisteringwithsameemail" time="12.288"/>
  <system-out/>
  <testcase classname="e_Com.tests.RegisterTest" name="verifyregisteringanaccwithmandatoryfeild" time="6.713"/>
  <system-out/>
  <testcase classname="e_Com.tests.RegisterTest" name="verifyregisteraccbyprovidingallfeild" time="6.229"/>
  <system-out/>
</testsuite> <!-- e_Com.tests.RegisterTest -->
